Norme: ./src/hud.c
Norme: ./src/load_utils.c
Norme: ./src/floor_cast.c
Error (line 74): C++ comment
Error (line 74): bad indentation
Error (line 79): C++ comment
Error (line 81): C++ comment
Error (line 83): C++ comment
Norme: ./src/ennemy.c
Norme: ./src/start_pos.c
Norme: ./src/cub_loader.c
Norme: ./src/init.c
Norme: ./src/texture_loaders.c
Norme: ./src/game_tools.c
Norme: ./src/wall_cast.c
Error (line 33): C++ comment
Error (line 33): bad indentation
Error (line 40): C++ comment
Error (line 43): C++ comment
Error (line 46): C++ comment
Error (line 55): declarations must be followed by one empty line in pre_draw
Error (line 58): C++ comment
Error (line 58): spaces at the end of line
Error (line 59): Empty line
Error (line 60): spaces at the end of line
Error (line 62): C++ comment
Error (line 63): spaces at the end of line
Error (line 67): C++ comment
Error (line 72): C++ comment
Error (line 77): C++ comment
Error (line 79): C++ comment
Norme: ./src/keys.c
Error: file must end with a single empty line
Error (line 66, col 24): bad character after ,
Error (line 66, col 29): space before )
Error (line 103, col 0): no newline after block
Norme: ./src/menu.c
Norme: ./src/more_functions.c
Norme: ./src/mlx_tools.c
Norme: ./src/other_functions.c
Norme: ./src/movement.c
Norme: ./src/new_parse.c
Norme: ./src/mouse.c
Norme: ./src/wc_utils.c
Error (line 23): C++ comment
Error (line 23): bad indentation
Error (line 26): C++ comment
Error (line 26): line has 83 characters
Error (line 28): C++ comment
Error (line 28): line has 83 characters
Error (line 29): C++ comment
Error (line 29): missing newline after if
Error (line 61): bad indentation
Error (line 62): Empty line
Norme: ./src/fonctions.c
Norme: ./src/screenshot.c
Error: global scope bad aligned
Error (line 37, col 4): bad spacing
Norme: ./src/spritecast.c
Error (line 41, col 57): bad spacing
Error (line 44): declarations must be followed by one empty line in get_draw_s_e
Error (line 47): C++ comment
Error (line 48): spaces at the end of line
Error (line 50): spaces at the end of line
Error (line 51): C++ comment
Error (line 54): C++ comment
Error (line 59): C++ comment
